# JRE version: Java(TM) SE Runtime Environment (17.0+35) (build 17+35-LTS-2724)
# Java VM: Java HotSpot(TM) 64-Bit Server VM (17+35-LTS-2724, mixed mode, sharing, tiered, compressed oops, compressed class ptrs, g1 gc, windows-amd64)
GC Precious Log:
 CPUs: 12 total, 12 available
 Memory: 7876M
 Large Page Support: Disabled
 NUMA Support: Disabled
 Compressed Oops: Enabled (32-bit)
 Heap Region Size: 1M
 Heap Min Capacity: 8M
 Heap Initial Capacity: 124M
 Heap Max Capacity: 2G
 Pre-touch: Disabled
 Parallel Workers: 10
 Concurrent Workers: 3
 Concurrent Refinement Workers: 10
 Periodic GC: Disabled
Heap:
 garbage-first heap   total 281600K, used 210611K [0x0000000080000000, 0x0000000100000000)
  region size 1024K, 7 young (7168K), 1 survivors (1024K)
 Metaspace       used 106755K, committed 107904K, reserved 520192K
  class space    used 14857K, committed 15424K, reserved 421888K
GC Heap History (20 events):
Event: 57.432 GC heap before
{Heap before GC invocations=44 (full 0):
 garbage-first heap   total 234496K, used 200999K [0x0000000080000000, 0x0000000100000000)
  region size 1024K, 13 young (13312K), 3 survivors (3072K)
 Metaspace       used 99154K, committed 100288K, reserved 512000K
  class space    used 13855K, committed 14400K, reserved 421888K
}
Event: 57.441 GC heap after
{Heap after GC invocations=45 (full 0):
 garbage-first heap   total 234496K, used 193382K [0x0000000080000000, 0x0000000100000000)
  region size 1024K, 2 young (2048K), 2 survivors (2048K)
 Metaspace       used 99154K, committed 100288K, reserved 512000K
  class space    used 13855K, committed 14400K, reserved 421888K
}
Event: 57.757 GC heap before
{Heap before GC invocations=45 (full 0):
 garbage-first heap   total 234496K, used 202598K [0x0000000080000000, 0x0000000100000000)
  region size 1024K, 11 young (11264K), 2 survivors (2048K)
 Metaspace       used 99439K, committed 100544K, reserved 512000K
  class space    used 13894K, committed 14400K, reserved 421888K
}
Event: 57.763 GC heap after
{Heap after GC invocations=46 (full 0):
 garbage-first heap   total 234496K, used 194427K [0x0000000080000000, 0x0000000100000000)
  region size 1024K, 1 young (1024K), 1 survivors (1024K)
 Metaspace       used 99439K, committed 100544K, reserved 512000K
  class space    used 13894K, committed 14400K, reserved 421888K
}
Event: 58.191 GC heap before
{Heap before GC invocations=46 (full 0):
 garbage-first heap   total 234496K, used 204667K [0x0000000080000000, 0x0000000100000000)
  region size 1024K, 11 young (11264K), 1 survivors (1024K)
 Metaspace       used 100182K, committed 101248K, reserved 512000K
  class space    used 13998K, committed 14528K, reserved 421888K
}
Event: 58.197 GC heap after
{Heap after GC invocations=47 (full 0):
 garbage-first heap   total 234496K, used 194921K [0x0000000080000000, 0x0000000100000000)
  region size 1024K, 2 young (2048K), 2 survivors (2048K)
 Metaspace       used 100182K, committed 101248K, reserved 512000K
  class space    used 13998K, committed 14528K, reserved 421888K
}
Event: 58.562 GC heap before
{Heap before GC invocations=47 (full 0):
 garbage-first heap   total 234496K, used 203113K [0x0000000080000000, 0x0000000100000000)
  region size 1024K, 11 young (11264K), 2 survivors (2048K)
 Metaspace       used 101021K, committed 102080K, reserved 512000K
  class space    used 14116K, committed 14592K, reserved 421888K
}
Event: 58.569 GC heap after
{Heap after GC invocations=48 (full 0):
 garbage-first heap   total 234496K, used 195269K [0x0000000080000000, 0x0000000100000000)
  region size 1024K, 1 young (1024K), 1 survivors (1024K)
 Metaspace       used 101021K, committed 102080K, reserved 512000K
  class space    used 14116K, committed 14592K, reserved 421888K
}
Event: 59.071 GC heap before
{Heap before GC invocations=48 (full 0):
 garbage-first heap   total 234496K, used 205509K [0x0000000080000000, 0x0000000100000000)
  region size 1024K, 11 young (11264K), 1 survivors (1024K)
 Metaspace       used 101869K, committed 103040K, reserved 512000K
  class space    used 14275K, committed 14848K, reserved 421888K
}
Event: 59.076 GC heap after
{Heap after GC invocations=49 (full 0):
 garbage-first heap   total 234496K, used 195845K [0x0000000080000000, 0x0000000100000000)
  region size 1024K, 2 young (2048K), 2 survivors (2048K)
 Metaspace       used 101869K, committed 103040K, reserved 512000K
  class space    used 14275K, committed 14848K, reserved 421888K
}
Event: 59.628 GC heap before
{Heap before GC invocations=49 (full 0):
 garbage-first heap   total 234496K, used 205061K [0x0000000080000000, 0x0000000100000000)
  region size 1024K, 12 young (12288K), 2 survivors (2048K)
 Metaspace       used 103545K, committed 104704K, reserved 512000K
  class space    used 14472K, committed 15040K, reserved 421888K
}
Event: 59.636 GC heap after
{Heap after GC invocations=50 (full 0):
 garbage-first heap   total 234496K, used 196556K [0x0000000080000000, 0x0000000100000000)
  region size 1024K, 2 young (2048K), 2 survivors (2048K)
 Metaspace       used 103545K, committed 104704K, reserved 512000K
  class space    used 14472K, committed 15040K, reserved 421888K
}
Event: 59.989 GC heap before
{Heap before GC invocations=50 (full 0):
 garbage-first heap   total 234496K, used 204748K [0x0000000080000000, 0x0000000100000000)
  region size 1024K, 11 young (11264K), 2 survivors (2048K)
 Metaspace       used 104210K, committed 105344K, reserved 520192K
  class space    used 14552K, committed 15104K, reserved 421888K
}
Event: 59.996 GC heap after
{Heap after GC invocations=51 (full 0):
 garbage-first heap   total 234496K, used 196945K [0x0000000080000000, 0x0000000100000000)
  region size 1024K, 2 young (2048K), 2 survivors (2048K)
 Metaspace       used 104210K, committed 105344K, reserved 520192K
  class space    used 14552K, committed 15104K, reserved 421888K
}
Event: 60.838 GC heap before
{Heap before GC invocations=51 (full 0):
 garbage-first heap   total 234496K, used 206161K [0x0000000080000000, 0x0000000100000000)
  region size 1024K, 11 young (11264K), 2 survivors (2048K)
 Metaspace       used 104489K, committed 105664K, reserved 520192K
  class space    used 14577K, committed 15168K, reserved 421888K
}
Event: 60.851 GC heap after
{Heap after GC invocations=52 (full 0):
 garbage-first heap   total 281600K, used 198871K [0x0000000080000000, 0x0000000100000000)
  region size 1024K, 2 young (2048K), 2 survivors (2048K)
 Metaspace       used 104489K, committed 105664K, reserved 520192K
  class space    used 14577K, committed 15168K, reserved 421888K
}
Event: 62.795 GC heap before
{Heap before GC invocations=52 (full 0):
 garbage-first heap   total 281600K, used 238807K [0x0000000080000000, 0x0000000100000000)
  region size 1024K, 41 young (41984K), 2 survivors (2048K)
 Metaspace       used 106061K, committed 107200K, reserved 520192K
  class space    used 14778K, committed 15360K, reserved 421888K
}
Event: 62.811 GC heap after
{Heap after GC invocations=53 (full 0):
 garbage-first heap   total 281600K, used 204392K [0x0000000080000000, 0x0000000100000000)
  region size 1024K, 6 young (6144K), 6 survivors (6144K)
 Metaspace       used 106061K, committed 107200K, reserved 520192K
  class space    used 14778K, committed 15360K, reserved 421888K
}
Event: 63.017 GC heap before
{Heap before GC invocations=53 (full 0):
 garbage-first heap   total 281600K, used 209512K [0x0000000080000000, 0x0000000100000000)
  region size 1024K, 12 young (12288K), 6 survivors (6144K)
 Metaspace       used 106498K, committed 107648K, reserved 520192K
  class space    used 14819K, committed 15424K, reserved 421888K
}
Event: 63.048 GC heap after
{Heap after GC invocations=54 (full 0):
 garbage-first heap   total 281600K, used 205491K [0x0000000080000000, 0x0000000100000000)
  region size 1024K, 1 young (1024K), 1 survivors (1024K)
 Metaspace       used 106498K, committed 107648K, reserved 520192K
  class space    used 14819K, committed 15424K, reserved 421888K
}

