# JRE version: Java(TM) SE Runtime Environment (17.0+35) (build 17+35-LTS-2724)
# Java VM: Java HotSpot(TM) 64-Bit Server VM (17+35-LTS-2724, mixed mode, sharing, tiered, compressed oops, compressed class ptrs, g1 gc, windows-amd64)
GC Precious Log:
 CPUs: 12 total, 12 available
 Memory: 7876M
 Large Page Support: Disabled
 NUMA Support: Disabled
 Compressed Oops: Enabled (32-bit)
 Heap Region Size: 1M
 Heap Min Capacity: 8M
 Heap Initial Capacity: 124M
 Heap Max Capacity: 2G
 Pre-touch: Disabled
 Parallel Workers: 10
 Concurrent Workers: 3
 Concurrent Refinement Workers: 10
 Periodic GC: Disabled
Heap:
 garbage-first heap   total 312320K, used 235766K [0x0000000080000000, 0x0000000100000000)
  region size 1024K, 5 young (5120K), 2 survivors (2048K)
 Metaspace       used 114413K, committed 115840K, reserved 528384K
  class space    used 15731K, committed 16384K, reserved 421888K
GC Heap History (20 events):
Event: 50.865 GC heap before
{Heap before GC invocations=70 (full 0):
 garbage-first heap   total 260096K, used 226996K [0x0000000080000000, 0x0000000100000000)
  region size 1024K, 15 young (15360K), 3 survivors (3072K)
 Metaspace       used 107889K, committed 109056K, reserved 520192K
  class space    used 14977K, committed 15552K, reserved 421888K
}
Event: 50.871 GC heap after
{Heap after GC invocations=71 (full 0):
 garbage-first heap   total 260096K, used 215953K [0x0000000080000000, 0x0000000100000000)
  region size 1024K, 2 young (2048K), 2 survivors (2048K)
 Metaspace       used 107889K, committed 109056K, reserved 520192K
  class space    used 14977K, committed 15552K, reserved 421888K
}
Event: 51.083 GC heap before
{Heap before GC invocations=71 (full 0):
 garbage-first heap   total 260096K, used 227217K [0x0000000080000000, 0x0000000100000000)
  region size 1024K, 13 young (13312K), 2 survivors (2048K)
 Metaspace       used 108098K, committed 109440K, reserved 520192K
  class space    used 15032K, committed 15680K, reserved 421888K
}
Event: 51.087 GC heap after
{Heap after GC invocations=72 (full 0):
 garbage-first heap   total 260096K, used 216825K [0x0000000080000000, 0x0000000100000000)
  region size 1024K, 1 young (1024K), 1 survivors (1024K)
 Metaspace       used 108098K, committed 109440K, reserved 520192K
  class space    used 15032K, committed 15680K, reserved 421888K
}
Event: 51.475 GC heap before
{Heap before GC invocations=72 (full 0):
 garbage-first heap   total 260096K, used 229113K [0x0000000080000000, 0x0000000100000000)
  region size 1024K, 13 young (13312K), 1 survivors (1024K)
 Metaspace       used 108827K, committed 110144K, reserved 520192K
  class space    used 15126K, committed 15744K, reserved 421888K
}
Event: 51.479 GC heap after
{Heap after GC invocations=73 (full 0):
 garbage-first heap   total 260096K, used 217594K [0x0000000080000000, 0x0000000100000000)
  region size 1024K, 2 young (2048K), 2 survivors (2048K)
 Metaspace       used 108827K, committed 110144K, reserved 520192K
  class space    used 15126K, committed 15744K, reserved 421888K
}
Event: 51.831 GC heap before
{Heap before GC invocations=73 (full 0):
 garbage-first heap   total 260096K, used 228858K [0x0000000080000000, 0x0000000100000000)
  region size 1024K, 13 young (13312K), 2 survivors (2048K)
 Metaspace       used 110268K, committed 111552K, reserved 520192K
  class space    used 15299K, committed 15872K, reserved 421888K
}
Event: 51.835 GC heap after
{Heap after GC invocations=74 (full 0):
 garbage-first heap   total 260096K, used 217861K [0x0000000080000000, 0x0000000100000000)
  region size 1024K, 2 young (2048K), 2 survivors (2048K)
 Metaspace       used 110268K, committed 111552K, reserved 520192K
  class space    used 15299K, committed 15872K, reserved 421888K
}
Event: 52.069 GC heap before
{Heap before GC invocations=74 (full 0):
 garbage-first heap   total 260096K, used 229125K [0x0000000080000000, 0x0000000100000000)
  region size 1024K, 13 young (13312K), 2 survivors (2048K)
 Metaspace       used 110659K, committed 111936K, reserved 520192K
  class space    used 15352K, committed 15936K, reserved 421888K
}
Event: 52.075 GC heap after
{Heap after GC invocations=75 (full 0):
 garbage-first heap   total 260096K, used 219001K [0x0000000080000000, 0x0000000100000000)
  region size 1024K, 2 young (2048K), 2 survivors (2048K)
 Metaspace       used 110659K, committed 111936K, reserved 520192K
  class space    used 15352K, committed 15936K, reserved 421888K
}
Event: 52.233 GC heap before
{Heap before GC invocations=75 (full 0):
 garbage-first heap   total 260096K, used 230265K [0x0000000080000000, 0x0000000100000000)
  region size 1024K, 13 young (13312K), 2 survivors (2048K)
 Metaspace       used 110717K, committed 112064K, reserved 520192K
  class space    used 15359K, committed 16000K, reserved 421888K
}
Event: 52.243 GC heap after
{Heap after GC invocations=76 (full 0):
 garbage-first heap   total 260096K, used 220319K [0x0000000080000000, 0x0000000100000000)
  region size 1024K, 2 young (2048K), 2 survivors (2048K)
 Metaspace       used 110717K, committed 112064K, reserved 520192K
  class space    used 15359K, committed 16000K, reserved 421888K
}
Event: 52.420 GC heap before
{Heap before GC invocations=76 (full 0):
 garbage-first heap   total 260096K, used 230559K [0x0000000080000000, 0x0000000100000000)
  region size 1024K, 12 young (12288K), 2 survivors (2048K)
 Metaspace       used 110848K, committed 112192K, reserved 520192K
  class space    used 15382K, committed 16000K, reserved 421888K
}
Event: 52.426 GC heap after
{Heap after GC invocations=77 (full 0):
 garbage-first heap   total 312320K, used 221845K [0x0000000080000000, 0x0000000100000000)
  region size 1024K, 2 young (2048K), 2 survivors (2048K)
 Metaspace       used 110848K, committed 112192K, reserved 520192K
  class space    used 15382K, committed 16000K, reserved 421888K
}
Event: 53.482 GC heap before
{Heap before GC invocations=77 (full 0):
 garbage-first heap   total 312320K, used 270997K [0x0000000080000000, 0x0000000100000000)
  region size 1024K, 46 young (47104K), 2 survivors (2048K)
 Metaspace       used 112800K, committed 114112K, reserved 520192K
  class space    used 15500K, committed 16128K, reserved 421888K
}
Event: 53.496 GC heap after
{Heap after GC invocations=78 (full 0):
 garbage-first heap   total 312320K, used 229238K [0x0000000080000000, 0x0000000100000000)
  region size 1024K, 6 young (6144K), 6 survivors (6144K)
 Metaspace       used 112800K, committed 114112K, reserved 520192K
  class space    used 15500K, committed 16128K, reserved 421888K
}
Event: 54.319 GC heap before
{Heap before GC invocations=78 (full 0):
 garbage-first heap   total 312320K, used 266102K [0x0000000080000000, 0x0000000100000000)
  region size 1024K, 43 young (44032K), 6 survivors (6144K)
 Metaspace       used 112891K, committed 114240K, reserved 520192K
  class space    used 15506K, committed 16128K, reserved 421888K
}
Event: 54.330 GC heap after
{Heap after GC invocations=79 (full 0):
 garbage-first heap   total 312320K, used 231947K [0x0000000080000000, 0x0000000100000000)
  region size 1024K, 5 young (5120K), 5 survivors (5120K)
 Metaspace       used 112891K, committed 114240K, reserved 520192K
  class space    used 15506K, committed 16128K, reserved 421888K
}
Event: 56.209 GC heap before
{Heap before GC invocations=79 (full 0):
 garbage-first heap   total 312320K, used 265739K [0x0000000080000000, 0x0000000100000000)
  region size 1024K, 39 young (39936K), 5 survivors (5120K)
 Metaspace       used 114368K, committed 115776K, reserved 528384K
  class space    used 15724K, committed 16384K, reserved 421888K
}
Event: 56.216 GC heap after
{Heap after GC invocations=80 (full 0):
 garbage-first heap   total 312320K, used 233718K [0x0000000080000000, 0x0000000100000000)
  region size 1024K, 2 young (2048K), 2 survivors (2048K)
 Metaspace       used 114368K, committed 115776K, reserved 528384K
  class space    used 15724K, committed 16384K, reserved 421888K
}

