# JRE version: Java(TM) SE Runtime Environment (17.0+35) (build 17+35-LTS-2724)
# Java VM: Java HotSpot(TM) 64-Bit Server VM (17+35-LTS-2724, mixed mode, sharing, tiered, compressed oops, compressed class ptrs, g1 gc, windows-amd64)
GC Precious Log:
 CPUs: 12 total, 12 available
 Memory: 7876M
 Large Page Support: Disabled
 NUMA Support: Disabled
 Compressed Oops: Enabled (32-bit)
 Heap Region Size: 1M
 Heap Min Capacity: 8M
 Heap Initial Capacity: 124M
 Heap Max Capacity: 2G
 Pre-touch: Disabled
 Parallel Workers: 10
 Concurrent Workers: 3
 Concurrent Refinement Workers: 10
 Periodic GC: Disabled
Heap:
 garbage-first heap   total 288768K, used 216005K [0x0000000080000000, 0x0000000100000000)
  region size 1024K, 13 young (13312K), 4 survivors (4096K)
 Metaspace       used 107654K, committed 108864K, reserved 520192K
  class space    used 14919K, committed 15488K, reserved 421888K
GC Heap History (20 events):
Event: 79.258 GC heap before
{Heap before GC invocations=44 (full 0):
 garbage-first heap   total 240640K, used 202840K [0x0000000080000000, 0x0000000100000000)
  region size 1024K, 21 young (21504K), 4 survivors (4096K)
 Metaspace       used 99309K, committed 100416K, reserved 512000K
  class space    used 13842K, committed 14336K, reserved 421888K
}
Event: 79.282 GC heap after
{Heap after GC invocations=45 (full 0):
 garbage-first heap   total 240640K, used 189810K [0x0000000080000000, 0x0000000100000000)
  region size 1024K, 3 young (3072K), 3 survivors (3072K)
 Metaspace       used 99309K, committed 100416K, reserved 512000K
  class space    used 13842K, committed 14336K, reserved 421888K
}
Event: 80.067 GC heap before
{Heap before GC invocations=45 (full 0):
 garbage-first heap   total 240640K, used 204146K [0x0000000080000000, 0x0000000100000000)
  region size 1024K, 18 young (18432K), 3 survivors (3072K)
 Metaspace       used 100177K, committed 101312K, reserved 512000K
  class space    used 13952K, committed 14464K, reserved 421888K
}
Event: 80.078 GC heap after
{Heap after GC invocations=46 (full 0):
 garbage-first heap   total 240640K, used 191449K [0x0000000080000000, 0x0000000100000000)
  region size 1024K, 2 young (2048K), 2 survivors (2048K)
 Metaspace       used 100177K, committed 101312K, reserved 512000K
  class space    used 13952K, committed 14464K, reserved 421888K
}
Event: 80.520 GC heap before
{Heap before GC invocations=46 (full 0):
 garbage-first heap   total 240640K, used 204761K [0x0000000080000000, 0x0000000100000000)
  region size 1024K, 16 young (16384K), 2 survivors (2048K)
 Metaspace       used 101492K, committed 102656K, reserved 512000K
  class space    used 14168K, committed 14720K, reserved 421888K
}
Event: 80.530 GC heap after
{Heap after GC invocations=47 (full 0):
 garbage-first heap   total 240640K, used 192173K [0x0000000080000000, 0x0000000100000000)
  region size 1024K, 1 young (1024K), 1 survivors (1024K)
 Metaspace       used 101492K, committed 102656K, reserved 512000K
  class space    used 14168K, committed 14720K, reserved 421888K
}
Event: 81.113 GC heap before
{Heap before GC invocations=47 (full 0):
 garbage-first heap   total 240640K, used 206509K [0x0000000080000000, 0x0000000100000000)
  region size 1024K, 15 young (15360K), 1 survivors (1024K)
 Metaspace       used 102603K, committed 103808K, reserved 512000K
  class space    used 14342K, committed 14912K, reserved 421888K
}
Event: 81.119 GC heap after
{Heap after GC invocations=48 (full 0):
 garbage-first heap   total 240640K, used 192915K [0x0000000080000000, 0x0000000100000000)
  region size 1024K, 2 young (2048K), 2 survivors (2048K)
 Metaspace       used 102603K, committed 103808K, reserved 512000K
  class space    used 14342K, committed 14912K, reserved 421888K
}
Event: 81.809 GC heap before
{Heap before GC invocations=48 (full 0):
 garbage-first heap   total 240640K, used 208275K [0x0000000080000000, 0x0000000100000000)
  region size 1024K, 17 young (17408K), 2 survivors (2048K)
 Metaspace       used 104596K, committed 105792K, reserved 520192K
  class space    used 14561K, committed 15104K, reserved 421888K
}
Event: 81.822 GC heap after
{Heap after GC invocations=49 (full 0):
 garbage-first heap   total 240640K, used 194078K [0x0000000080000000, 0x0000000100000000)
  region size 1024K, 3 young (3072K), 3 survivors (3072K)
 Metaspace       used 104596K, committed 105792K, reserved 520192K
  class space    used 14561K, committed 15104K, reserved 421888K
}
Event: 82.713 GC heap before
{Heap before GC invocations=49 (full 0):
 garbage-first heap   total 240640K, used 208414K [0x0000000080000000, 0x0000000100000000)
  region size 1024K, 17 young (17408K), 3 survivors (3072K)
 Metaspace       used 105004K, committed 106176K, reserved 520192K
  class space    used 14618K, committed 15168K, reserved 421888K
}
Event: 82.727 GC heap after
{Heap after GC invocations=50 (full 0):
 garbage-first heap   total 240640K, used 195891K [0x0000000080000000, 0x0000000100000000)
  region size 1024K, 3 young (3072K), 3 survivors (3072K)
 Metaspace       used 105004K, committed 106176K, reserved 520192K
  class space    used 14618K, committed 15168K, reserved 421888K
}
Event: 83.290 GC heap before
{Heap before GC invocations=50 (full 0):
 garbage-first heap   total 240640K, used 209203K [0x0000000080000000, 0x0000000100000000)
  region size 1024K, 16 young (16384K), 3 survivors (3072K)
 Metaspace       used 105495K, committed 106624K, reserved 520192K
  class space    used 14681K, committed 15232K, reserved 421888K
}
Event: 83.303 GC heap after
{Heap after GC invocations=51 (full 0):
 garbage-first heap   total 240640K, used 198399K [0x0000000080000000, 0x0000000100000000)
  region size 1024K, 2 young (2048K), 2 survivors (2048K)
 Metaspace       used 105495K, committed 106624K, reserved 520192K
  class space    used 14681K, committed 15232K, reserved 421888K
}
Event: 83.751 GC heap before
{Heap before GC invocations=51 (full 0):
 garbage-first heap   total 240640K, used 209663K [0x0000000080000000, 0x0000000100000000)
  region size 1024K, 13 young (13312K), 2 survivors (2048K)
 Metaspace       used 105893K, committed 107072K, reserved 520192K
  class space    used 14729K, committed 15296K, reserved 421888K
}
Event: 83.761 GC heap after
{Heap after GC invocations=52 (full 0):
 garbage-first heap   total 288768K, used 200295K [0x0000000080000000, 0x0000000100000000)
  region size 1024K, 2 young (2048K), 2 survivors (2048K)
 Metaspace       used 105893K, committed 107072K, reserved 520192K
  class space    used 14729K, committed 15296K, reserved 421888K
}
Event: 84.958 GC heap before
{Heap before GC invocations=52 (full 0):
 garbage-first heap   total 288768K, used 239207K [0x0000000080000000, 0x0000000100000000)
  region size 1024K, 40 young (40960K), 2 survivors (2048K)
 Metaspace       used 107383K, committed 108608K, reserved 520192K
  class space    used 14911K, committed 15488K, reserved 421888K
}
Event: 84.973 GC heap after
{Heap after GC invocations=53 (full 0):
 garbage-first heap   total 288768K, used 204009K [0x0000000080000000, 0x0000000100000000)
  region size 1024K, 5 young (5120K), 5 survivors (5120K)
 Metaspace       used 107383K, committed 108608K, reserved 520192K
  class space    used 14911K, committed 15488K, reserved 421888K
}
Event: 86.232 GC heap before
{Heap before GC invocations=53 (full 0):
 garbage-first heap   total 288768K, used 241897K [0x0000000080000000, 0x0000000100000000)
  region size 1024K, 42 young (43008K), 5 survivors (5120K)
 Metaspace       used 107632K, committed 108864K, reserved 520192K
  class space    used 14919K, committed 15488K, reserved 421888K
}
Event: 86.248 GC heap after
{Heap after GC invocations=54 (full 0):
 garbage-first heap   total 288768K, used 207813K [0x0000000080000000, 0x0000000100000000)
  region size 1024K, 4 young (4096K), 4 survivors (4096K)
 Metaspace       used 107632K, committed 108864K, reserved 520192K
  class space    used 14919K, committed 15488K, reserved 421888K
}

